<?xml version="1.0" encoding="UTF-8"?>
<testsuite xmlns:xsi="http://www.w3.org/2001/XMLSchema-instance" xsi:noNamespaceSchemaLocation="https://maven.apache.org/surefire/maven-surefire-plugin/xsd/surefire-test-report.xsd" name="com.openclassrooms.testing.CalculatorTest" time="1.262" tests="8" errors="0" skipped="0" failures="0">
  <properties>
[...]
</properties>
  <testcase name="testAddTwoPositiveNumbers{int, int, int}[1]" classname="com.openclassrooms.testing.CalculatorTest" time="0.063"/>
  <testcase name="testAddTwoPositiveNumbers{int, int, int}[2]" classname="com.openclassrooms.testing.CalculatorTest" time="0"/>
  <testcase name="testAddTwoPositiveNumbers{int, int, int}[3]" classname="com.openclassrooms.testing.CalculatorTest" time="0.003"/>
  <testcase name="testMultiplyTwoPositiveNumbers{int}[1]" classname="com.openclassrooms.testing.CalculatorTest" time="0.002"/>
  <testcase name="testMultiplyTwoPositiveNumbers{int}[2]" classname="com.openclassrooms.testing.CalculatorTest" time="0.002"/>
  <testcase name="testMultiplyTwoPositiveNumbers{int}[3]" classname="com.openclassrooms.testing.CalculatorTest" time="0.009"/>
  <testcase name="testMultiplyTwoPositiveNumbers{int}[4]" classname="com.openclassrooms.testing.CalculatorTest" time="0.001"/>
  <testcase name="testMultiplyTwoPositiveNumbers{int}[5]" classname="com.openclassrooms.testing.CalculatorTest" time="0.005"/>
</testsuite>